e:\users\ashton\documents\university\year 3\mobile robotics\coursework\lab2_aria\lab2_aria\x64\debug\vc141.pdb
e:\users\ashton\documents\university\year 3\mobile robotics\coursework\lab2_aria\lab2_aria\x64\debug\vc141.idb
e:\users\ashton\documents\university\year 3\mobile robotics\coursework\lab2_aria\lab2_aria\x64\debug\wander.obj
e:\users\ashton\documents\university\year 3\mobile robotics\coursework\lab2_aria\lab2_aria\x64\debug\lab2_aria.obj
e:\users\ashton\documents\university\year 3\mobile robotics\coursework\lab2_aria\lab2_aria\x64\debug\forward.obj
e:\users\ashton\documents\university\year 3\mobile robotics\coursework\lab2_aria\lab2_aria\x64\debug\follow.obj
e:\users\ashton\documents\university\year 3\mobile robotics\coursework\lab2_aria\lab2_aria\x64\debug\avoid.obj
e:\users\ashton\documents\university\year 3\mobile robotics\coursework\lab2_aria\lab2_aria\x64\debug\vc142.pdb
e:\users\ashton\documents\university\year 3\mobile robotics\coursework\lab2_aria\lab2_aria\x64\debug\vc142.idb
e:\users\ashton\documents\university\year 3\mobile robotics\coursework\lab2_aria\lab2_aria\x64\debug\edgefollow.obj
e:\users\ashton\documents\university\year 3\mobile robotics\coursework\lab2_aria\lab2_aria\x64\debug\frametime.obj
e:\users\ashton\documents\university\year 3\mobile robotics\coursework\lab2_aria\lab2_aria\x64\debug\pid.obj
e:\users\ashton\documents\university\year 3\mobile robotics\coursework\lab2_aria\lab2_aria\x64\debug\mapping.obj
e:\users\ashton\documents\university\year 3\mobile robotics\coursework\lab2_aria\x64\debug\lab2_aria.exe
e:\users\ashton\documents\university\year 3\mobile robotics\coursework\lab2_aria\x64\debug\lab2_aria.ilk
e:\users\ashton\documents\university\year 3\mobile robotics\coursework\lab2_aria\x64\debug\lab2_aria.pdb
e:\users\ashton\documents\university\year 3\mobile robotics\coursework\lab2_aria\lab2_aria\x64\debug\lab2_aria.tlog\cl.command.1.tlog
e:\users\ashton\documents\university\year 3\mobile robotics\coursework\lab2_aria\lab2_aria\x64\debug\lab2_aria.tlog\cl.read.1.tlog
e:\users\ashton\documents\university\year 3\mobile robotics\coursework\lab2_aria\lab2_aria\x64\debug\lab2_aria.tlog\cl.write.1.tlog
e:\users\ashton\documents\university\year 3\mobile robotics\coursework\lab2_aria\lab2_aria\x64\debug\lab2_aria.tlog\link.command.1.tlog
e:\users\ashton\documents\university\year 3\mobile robotics\coursework\lab2_aria\lab2_aria\x64\debug\lab2_aria.tlog\link.read.1.tlog
e:\users\ashton\documents\university\year 3\mobile robotics\coursework\lab2_aria\lab2_aria\x64\debug\lab2_aria.tlog\link.write.1.tlog
